[debug] [2024-08-11T03:38:16.013Z] ----------------------------------------------------------------------
[debug] [2024-08-11T03:38:16.016Z] Command:       C:\Program Files\nodejs\node.exe C:\Users\Tamilarasan\AppData\Roaming\npm\node_modules\firebase-tools\lib\bin\firebase.js init
[debug] [2024-08-11T03:38:16.016Z] CLI Version:   13.15.1
[debug] [2024-08-11T03:38:16.017Z] Platform:      win32
[debug] [2024-08-11T03:38:16.017Z] Node Version:  v18.20.2
[debug] [2024-08-11T03:38:16.018Z] Time:          Sun Aug 11 2024 09:08:16 GMT+0530 (India Standard Time)
[debug] [2024-08-11T03:38:16.018Z] ----------------------------------------------------------------------
[debug] 
[debug] [2024-08-11T03:38:16.028Z] > command requires scopes: ["email","openid","https://www.googleapis.com/auth/cloudplatformprojects.readonly","https://www.googleapis.com/auth/firebase","https://www.googleapis.com/auth/cloud-platform"]
[debug] [2024-08-11T03:38:16.028Z] > authorizing via signed-in user (shinchantamil006@gmail.com)
[info] 
     ######## #### ########  ######## ########     ###     ######  ########
     ##        ##  ##     ## ##       ##     ##  ##   ##  ##       ##
     ######    ##  ########  ######   ########  #########  ######  ######
     ##        ##  ##    ##  ##       ##     ## ##     ##       ## ##
     ##       #### ##     ## ######## ########  ##     ##  ######  ########

You're about to initialize a Firebase project in this directory:

  D:\New folder

[info] 
=== Project Setup
[info] 
[info] First, let's associate this project directory with a Firebase project.
[info] You can create multiple project aliases by running firebase use --add, 
[info] but for now we'll just set up a default project.
[info] 
[debug] [2024-08-11T03:38:22.742Z] >>> [apiv2][query] GET https://firebase.googleapis.com/v1beta1/projects pageSize=100
[debug] [2024-08-11T03:38:24.168Z] <<< [apiv2][status] GET https://firebase.googleapis.com/v1beta1/projects 200
[debug] [2024-08-11T03:38:24.168Z] <<< [apiv2][body] GET https://firebase.googleapis.com/v1beta1/projects [omitted]
[info] i  Using project bookproject-053 (bookproject) 
[info] 
=== Hosting Setup
[debug] [2024-08-11T03:38:29.292Z] >>> [apiv2][query] GET https://firebase.googleapis.com/v1beta1/projects/bookproject-053 [none]
[debug] [2024-08-11T03:38:30.193Z] <<< [apiv2][status] GET https://firebase.googleapis.com/v1beta1/projects/bookproject-053 200
[debug] [2024-08-11T03:38:30.193Z] <<< [apiv2][body] GET https://firebase.googleapis.com/v1beta1/projects/bookproject-053 {"projectId":"bookproject-053","projectNumber":"918843351421","displayName":"bookproject","name":"projects/bookproject-053","resources":{"hostingSite":"bookproject-053"},"state":"ACTIVE","etag":"1_cabf7b3a-9887-405c-b8e0-d429ad6c87c2"}
[info] 
[info] Your public directory is the folder (relative to your project directory) that
[info] will contain Hosting assets to be uploaded with firebase deploy. If you
[info] have a build process for your assets, use your build's output directory.
[info] 
